<?xml version="1.0" encoding="UTF-8"?>
<!-- Generated by org.testng.reporters.JUnitXMLReporter -->
<testsuite ignored="0" hostname="DESKTOP-U1KFR28" failures="1" tests="1" name="EdgeTest" time="19.241" errors="0" timestamp="2023-10-11T15:20:49 IST">
  <testcase classname="TestNGTest.TestClass" name="bookFreeSession" time="0.545">
    <failure type="java.lang.NullPointerException" message="Cannot invoke &amp;quot;org.apache.poi.ss.usermodel.Row.getCell(int)&amp;quot; because &amp;quot;row1&amp;quot; is null">
      <![CDATA[java.lang.NullPointerException: Cannot invoke "org.apache.poi.ss.usermodel.Row.getCell(int)" because "row1" is null
at utils.Utility.getDataFromExcelSheet(Utility.java:33)
at pages.BYJUSOnlineLearingPrograms.sendMobileNumber(BYJUSOnlineLearingPrograms.java:49)
at TestNGTest.TestClass.bookFreeSession(TestClass.java:61)
at java.base/java.util.ArrayList.forEach(ArrayList.java:1511)
... Removed 25 stack frames]]>
    </failure>
  </testcase> <!-- bookFreeSession -->
</testsuite> <!-- EdgeTest -->
