<?xml version="1.0" encoding="UTF-8"?>
<testng-results ignored="0" total="2" passed="2" failed="0" skipped="0">
  <reporter-output>
  </reporter-output>
  <suite started-at="2023-10-17T16:34:25 IST" name="Suite" finished-at="2023-10-17T16:34:51 IST" duration-ms="25196">
    <groups>
    </groups>
    <test started-at="2023-10-17T16:34:25 IST" name="chromeTest" finished-at="2023-10-17T16:34:39 IST" duration-ms="13871">
      <class name="TestNGTest.TestClass">
        <test-method is-config="true" signature="launchBrowser(java.lang.String)[pri:0, instance:TestNGTest.TestClass@3c9754d8]" started-at="2023-10-17T16:34:26 IST" name="launchBrowser" finished-at="2023-10-17T16:34:28 IST" duration-ms="2740" status="PASS">
          <params>
            <param index="0">
              <value>
                <![CDATA[chrome]]>
              </value>
            </param>
          </params>
          <reporter-output>
          </reporter-output>
        </test-method> <!-- launchBrowser -->
        <test-method is-config="true" signature="creatingPOMObjects()[pri:0, instance:TestNGTest.TestClass@3c9754d8]" started-at="2023-10-17T16:34:28 IST" name="creatingPOMObjects" finished-at="2023-10-17T16:34:28 IST" duration-ms="27" status="PASS">
          <reporter-output>
          </reporter-output>
        </test-method> <!-- creatingPOMObjects -->
        <test-method is-config="true" signature="openHomePage()[pri:0, instance:TestNGTest.TestClass@3c9754d8]" started-at="2023-10-17T16:34:28 IST" name="openHomePage" finished-at="2023-10-17T16:34:36 IST" duration-ms="7711" status="PASS">
          <reporter-output>
          </reporter-output>
        </test-method> <!-- openHomePage -->
        <test-method signature="bookFreeSession()[pri:0, instance:TestNGTest.TestClass@3c9754d8]" started-at="2023-10-17T16:34:36 IST" name="bookFreeSession" finished-at="2023-10-17T16:34:39 IST" duration-ms="2970" status="PASS">
          <reporter-output>
          </reporter-output>
        </test-method> <!-- bookFreeSession -->
        <test-method is-config="true" signature="logOutFromApplication(org.testng.ITestResult)[pri:0, instance:TestNGTest.TestClass@3c9754d8]" started-at="2023-10-17T16:34:39 IST" name="logOutFromApplication" finished-at="2023-10-17T16:34:39 IST" duration-ms="3" status="PASS">
          <params>
            <param index="0">
              <value>
                <![CDATA[[TestResult name=bookFreeSession status=SUCCESS method=TestClass.bookFreeSession()[pri:0, instance:TestNGTest.TestClass@3c9754d8] output={null}]]]>
              </value>
            </param>
          </params>
          <reporter-output>
          </reporter-output>
        </test-method> <!-- logOutFromApplication -->
        <test-method is-config="true" signature="clearObject()[pri:0, instance:TestNGTest.TestClass@3c9754d8]" started-at="2023-10-17T16:34:39 IST" name="clearObject" finished-at="2023-10-17T16:34:39 IST" duration-ms="0" status="PASS">
          <reporter-output>
          </reporter-output>
        </test-method> <!-- clearObject -->
        <test-method is-config="true" signature="closeBrowser()[pri:0, instance:TestNGTest.TestClass@3c9754d8]" started-at="2023-10-17T16:34:39 IST" name="closeBrowser" finished-at="2023-10-17T16:34:39 IST" duration-ms="364" status="PASS">
          <reporter-output>
          </reporter-output>
        </test-method> <!-- closeBrowser -->
      </class> <!-- TestNGTest.TestClass -->
    </test> <!-- chromeTest -->
    <test started-at="2023-10-17T16:34:39 IST" name="edgeTest" finished-at="2023-10-17T16:34:51 IST" duration-ms="11283">
      <class name="TestNGTest.TestClass">
        <test-method is-config="true" signature="launchBrowser(java.lang.String)[pri:0, instance:TestNGTest.TestClass@63475ace]" started-at="2023-10-17T16:34:39 IST" name="launchBrowser" finished-at="2023-10-17T16:34:43 IST" duration-ms="3826" status="PASS">
          <params>
            <param index="0">
              <value>
                <![CDATA[edge]]>
              </value>
            </param>
          </params>
          <reporter-output>
          </reporter-output>
        </test-method> <!-- launchBrowser -->
        <test-method is-config="true" signature="creatingPOMObjects()[pri:0, instance:TestNGTest.TestClass@63475ace]" started-at="2023-10-17T16:34:43 IST" name="creatingPOMObjects" finished-at="2023-10-17T16:34:43 IST" duration-ms="3" status="PASS">
          <reporter-output>
          </reporter-output>
        </test-method> <!-- creatingPOMObjects -->
        <test-method is-config="true" signature="openHomePage()[pri:0, instance:TestNGTest.TestClass@63475ace]" started-at="2023-10-17T16:34:43 IST" name="openHomePage" finished-at="2023-10-17T16:34:48 IST" duration-ms="4846" status="PASS">
          <reporter-output>
          </reporter-output>
        </test-method> <!-- openHomePage -->
        <test-method signature="bookFreeSession()[pri:0, instance:TestNGTest.TestClass@63475ace]" started-at="2023-10-17T16:34:48 IST" name="bookFreeSession" finished-at="2023-10-17T16:34:50 IST" duration-ms="2119" status="PASS">
          <reporter-output>
          </reporter-output>
        </test-method> <!-- bookFreeSession -->
        <test-method is-config="true" signature="logOutFromApplication(org.testng.ITestResult)[pri:0, instance:TestNGTest.TestClass@63475ace]" started-at="2023-10-17T16:34:50 IST" name="logOutFromApplication" finished-at="2023-10-17T16:34:50 IST" duration-ms="1" status="PASS">
          <params>
            <param index="0">
              <value>
                <![CDATA[[TestResult name=bookFreeSession status=SUCCESS method=TestClass.bookFreeSession()[pri:0, instance:TestNGTest.TestClass@63475ace] output={null}]]]>
              </value>
            </param>
          </params>
          <reporter-output>
          </reporter-output>
        </test-method> <!-- logOutFromApplication -->
        <test-method is-config="true" signature="clearObject()[pri:0, instance:TestNGTest.TestClass@63475ace]" started-at="2023-10-17T16:34:50 IST" name="clearObject" finished-at="2023-10-17T16:34:50 IST" duration-ms="0" status="PASS">
          <reporter-output>
          </reporter-output>
        </test-method> <!-- clearObject -->
        <test-method is-config="true" signature="closeBrowser()[pri:0, instance:TestNGTest.TestClass@63475ace]" started-at="2023-10-17T16:34:50 IST" name="closeBrowser" finished-at="2023-10-17T16:34:51 IST" duration-ms="466" status="PASS">
          <reporter-output>
          </reporter-output>
        </test-method> <!-- closeBrowser -->
      </class> <!-- TestNGTest.TestClass -->
    </test> <!-- edgeTest -->
  </suite> <!-- Suite -->
</testng-results>
